<?xml version='1.0' encoding='UTF-8'?>
<testsuite hostname="WINDOWS-T2EIGLA" name="RomanNumeralsServiceTest" tests="6" errors="0" failures="0" skipped="0" time="0.033" timestamp="2023-06-14T19:25:42">
          <properties>
[...]
</properties>
          <testcase classname="RomanNumeralsServiceTest" name="Check Singles" time="0.025">
                      
                    </testcase><testcase classname="RomanNumeralsServiceTest" name="Check Tens" time="0.004">
                      
                    </testcase><testcase classname="RomanNumeralsServiceTest" name="Check Hundreds" time="0.001">
                      
                    </testcase><testcase classname="RomanNumeralsServiceTest" name="Check thousand digits" time="0.0">
                      
                    </testcase><testcase classname="RomanNumeralsServiceTest" name="Check Random digits" time="0.002">
                      
                    </testcase><testcase classname="RomanNumeralsServiceTest" name="Out of range" time="0.001">
                      
                    </testcase>
          <system-out><![CDATA[]]></system-out>
          <system-err><![CDATA[]]></system-err>
        </testsuite>